0 info it worked if it ends with ok
1 verbose cli [ 'C:\\Program Files\\nodejs\\\\node.exe',
1 verbose cli   'C:\\Program Files\\nodejs\\node_modules\\npm\\bin\\npm-cli.js',
1 verbose cli   'start' ]
2 info using npm@1.1.66
3 info using node@v0.8.15
4 verbose node symlink C:\Program Files\nodejs\\node.exe
5 verbose read json C:\Users\viaduc487\Dropbox\git\project\package.json
6 error Error: Invalid name: "Web Product Workgroup"
6 error     at validName (C:\Program Files\nodejs\node_modules\npm\node_modules\read-package-json\read-json.js:518:40)
6 error     at final (C:\Program Files\nodejs\node_modules\npm\node_modules\read-package-json\read-json.js:295:27)
6 error     at C:\Program Files\nodejs\node_modules\npm\node_modules\read-package-json\read-json.js:119:33
6 error     at cb (C:\Program Files\nodejs\node_modules\npm\node_modules\slide\lib\async-map.js:48:11)
6 error     at C:\Program Files\nodejs\node_modules\npm\node_modules\read-package-json\read-json.js:237:59
6 error     at Glob.<anonymous> (C:\Program Files\nodejs\node_modules\npm\node_modules\glob\glob.js:91:7)
6 error     at Glob.EventEmitter.emit (events.js:96:17)
6 error     at Glob._processEmitQueue (C:\Program Files\nodejs\node_modules\npm\node_modules\glob\glob.js:272:10)
6 error     at Glob.emitMatch (C:\Program Files\nodejs\node_modules\npm\node_modules\glob\glob.js:257:8)
6 error     at Glob._finish (C:\Program Files\nodejs\node_modules\npm\node_modules\glob\glob.js:219:8)
7 error If you need help, you may report this log at:
7 error     <http://github.com/isaacs/npm/issues>
7 error or email it to:
7 error     <npm-@googlegroups.com>
8 error System Windows_NT 6.1.7601
9 error command "C:\\Program Files\\nodejs\\\\node.exe" "C:\\Program Files\\nodejs\\node_modules\\npm\\bin\\npm-cli.js" "start"
10 error cwd C:\Users\viaduc487\Dropbox\git\project
11 error node -v v0.8.15
12 error npm -v 1.1.66
13 verbose exit [ 1, true ]
